{
  "stats": {
    "suites": 1,
    "tests": 2,
    "passes": 2,
    "pending": 0,
    "failures": 0,
    "start": "2021-02-01T03:33:20.486Z",
    "end": "2021-02-01T03:33:30.493Z",
    "duration": 10007,
    "testsRegistered": 2,
    "passPercent": 100,
    "pendingPercent": 0,
    "other": 0,
    "hasOther": false,
    "skipped": 0,
    "hasSkipped": false
  },
  "results": [
    {
      "uuid": "155eea06-ef9b-4cb6-9da0-a6106f4960b6",
      "title": "",
      "fullFile": "cypress\\integration\\BDD\\home.feature",
      "file": "cypress\\integration\\BDD\\home.feature",
      "beforeHooks": [],
      "afterHooks": [],
      "tests": [],
      "suites": [
        {
          "uuid": "c7f68f53-af96-4381-9e21-9af584133b97",
          "title": "Tools QA",
          "fullFile": "",
          "file": "",
          "beforeHooks": [],
          "afterHooks": [],
          "tests": [
            {
              "title": "Validate all elements presents",
              "fullTitle": "Tools QA Validate all elements presents",
              "timedOut": null,
              "duration": 4383,
              "state": "passed",
              "speed": "slow",
              "pass": true,
              "fail": false,
              "pending": false,
              "context": null,
              "code": "const state = window.testState;\nreturn cy\n  .then(() => state.onStartScenario(scenario, indexedSteps))\n  .then(() =>\n    resolveAndRunBeforeHooks.call(this, scenario.tags, state.feature.name)\n  )\n  .then(() =>\n    indexedSteps.forEach((step) =>\n      stepTest.call(this, state, step, rowData)\n    )\n  )\n  .then(() =>\n    resolveAndRunAfterHooks.call(this, scenario.tags, state.feature.name)\n  )\n  .then(() => state.onFinishScenario(scenario));",
              "err": {},
              "uuid": "c062b491-b73e-4baa-a5c5-e2d0bb8c8085",
              "parentUUID": "c7f68f53-af96-4381-9e21-9af584133b97",
              "isHook": false,
              "skipped": false
            },
            {
              "title": "Get in Elements",
              "fullTitle": "Tools QA Get in Elements",
              "timedOut": null,
              "duration": 1072,
              "state": "passed",
              "speed": "slow",
              "pass": true,
              "fail": false,
              "pending": false,
              "context": null,
              "code": "const state = window.testState;\nreturn cy\n  .then(() => state.onStartScenario(scenario, indexedSteps))\n  .then(() =>\n    resolveAndRunBeforeHooks.call(this, scenario.tags, state.feature.name)\n  )\n  .then(() =>\n    indexedSteps.forEach((step) =>\n      stepTest.call(this, state, step, rowData)\n    )\n  )\n  .then(() =>\n    resolveAndRunAfterHooks.call(this, scenario.tags, state.feature.name)\n  )\n  .then(() => state.onFinishScenario(scenario));",
              "err": {},
              "uuid": "e7016d8f-41bf-4b2e-9ad3-6fb7901303ec",
              "parentUUID": "c7f68f53-af96-4381-9e21-9af584133b97",
              "isHook": false,
              "skipped": false
            }
          ],
          "suites": [],
          "passes": [
            "c062b491-b73e-4baa-a5c5-e2d0bb8c8085",
            "e7016d8f-41bf-4b2e-9ad3-6fb7901303ec"
          ],
          "failures": [],
          "pending": [],
          "skipped": [],
          "duration": 5455,
          "root": false,
          "rootEmpty": false,
          "_timeout": 2000
        }
      ],
      "passes": [],
      "failures": [],
      "pending": [],
      "skipped": [],
      "duration": 0,
      "root": true,
      "rootEmpty": true,
      "_timeout": 2000
    }
  ],
  "meta": {
    "mocha": {
      "version": "7.0.1"
    },
    "mochawesome": {
      "options": {
        "quiet": false,
        "reportFilename": "mochawesome",
        "saveHtml": false,
        "saveJson": true,
        "consoleReporter": "spec",
        "useInlineDiffs": false,
        "code": true
      },
      "version": "6.2.1"
    },
    "marge": {
      "options": {
        "reportDir": "cypress/results",
        "overwrite": false,
        "html": false,
        "json": true
      },
      "version": "5.1.0"
    }
  }
}